<?xml version="1.0" encoding="UTF-8"?>
<testng-results skipped="0" failed="1" total="3" passed="2">
  <reporter-output>
  </reporter-output>
  <suite name="Default suite" duration-ms="3686" started-at="2015-09-18T04:47:44Z" finished-at="2015-09-18T04:47:47Z">
    <groups>
    </groups>
    <test name="Default test" duration-ms="3686" started-at="2015-09-18T04:47:44Z" finished-at="2015-09-18T04:47:47Z">
      <class name="com.cmcc.inter.test.HttpTest">
        <test-method status="PASS" signature="setUp()[pri:0, instance:com.cmcc.inter.test.HttpTest@659a1fae]" name="setUp" is-config="true" duration-ms="16" started-at="2015-09-18T12:47:44Z" finished-at="2015-09-18T12:47:44Z">
          <reporter-output>
          </reporter-output>
        </test-method> <!-- setUp -->
        <test-method status="PASS" signature="loginTest(java.lang.Object, java.lang.Object, java.lang.Object, java.lang.Object)[pri:0, instance:com.cmcc.inter.test.HttpTest@659a1fae]" name="loginTest" duration-ms="1615" started-at="2015-09-18T12:47:45Z" data-provider="myCaseData" finished-at="2015-09-18T12:47:47Z">
          <params>
            <param index="0">
              <value>
                <![CDATA[0]]>
              </value>
            </param>
            <param index="1">
              <value>
                <![CDATA[SU1FST0zNTgyNDAwNTk2NTc0Mzd8VkVSU0lPTj0xLjEuNnxTTkFNRT3kuK3lm73np7vliqh8REVWSUNFPU5leHVzIDV8T1NWRVJTSU9OPTQuNC40]]>
              </value>
            </param>
            <param index="2">
              <value>
                <![CDATA[msg]]>
              </value>
            </param>
            <param index="3">
              <value>
                <![CDATA[操作成功]]>
              </value>
            </param>
          </params>
          <reporter-output>
          </reporter-output>
        </test-method> <!-- loginTest -->
        <test-method status="PASS" signature="loginTest(java.lang.Object, java.lang.Object, java.lang.Object, java.lang.Object)[pri:0, instance:com.cmcc.inter.test.HttpTest@659a1fae]" name="loginTest" duration-ms="213" started-at="2015-09-18T12:47:47Z" data-provider="myCaseData" finished-at="2015-09-18T12:47:47Z">
          <params>
            <param index="0">
              <value>
                <![CDATA[0]]>
              </value>
            </param>
            <param index="1">
              <value>
                <![CDATA[VkVSU0lPTj0x]]>
              </value>
            </param>
            <param index="2">
              <value>
                <![CDATA[msg]]>
              </value>
            </param>
            <param index="3">
              <value>
                <![CDATA[用户未登录]]>
              </value>
            </param>
          </params>
          <reporter-output>
          </reporter-output>
        </test-method> <!-- loginTest -->
        <test-method status="FAIL" signature="loginTest(java.lang.Object, java.lang.Object, java.lang.Object, java.lang.Object)[pri:0, instance:com.cmcc.inter.test.HttpTest@659a1fae]" name="loginTest" duration-ms="95" started-at="2015-09-18T12:47:47Z" data-provider="myCaseData" finished-at="2015-09-18T12:47:47Z">
          <params>
            <param index="0">
              <value>
                <![CDATA[0]]>
              </value>
            </param>
            <param index="1">
              <value>
                <![CDATA[]]>
              </value>
            </param>
            <param index="2">
              <value>
                <![CDATA[msg]]>
              </value>
            </param>
            <param index="3">
              <value>
                <![CDATA[用户未登录]]>
              </value>
            </param>
          </params>
          <exception class="java.lang.AssertionError">
            <message>
              <![CDATA[expected [用户未登录] but found [deviceid 为空]]]>
            </message>
            <full-stacktrace>
              <![CDATA[java.lang.AssertionError: expected [用户未登录] but found [deviceid 为空]
	at org.testng.Assert.fail(Assert.java:94)
	at org.testng.Assert.failNotEquals(Assert.java:496)
	at org.testng.Assert.assertEquals(Assert.java:125)
	at org.testng.Assert.assertEquals(Assert.java:178)
	at org.testng.Assert.assertEquals(Assert.java:188)
	at com.cmcc.inter.test.HttpTest.loginTest(HttpTest.java:53)
	at sun.reflect.NativeMethodAccessorImpl.invoke0(Native Method)
	at sun.reflect.NativeMethodAccessorImpl.invoke(NativeMethodAccessorImpl.java:57)
	at sun.reflect.DelegatingMethodAccessorImpl.invoke(DelegatingMethodAccessorImpl.java:43)
	at java.lang.reflect.Method.invoke(Method.java:606)
	at org.testng.internal.MethodInvocationHelper.invokeMethod(MethodInvocationHelper.java:85)
	at org.testng.internal.Invoker.invokeMethod(Invoker.java:639)
	at org.testng.internal.Invoker.invokeTestMethod(Invoker.java:816)
	at org.testng.internal.Invoker.invokeTestMethods(Invoker.java:1124)
	at org.testng.internal.TestMethodWorker.invokeTestMethods(TestMethodWorker.java:124)
	at org.testng.internal.TestMethodWorker.run(TestMethodWorker.java:108)
	at org.testng.TestRunner.privateRun(TestRunner.java:773)
	at org.testng.TestRunner.run(TestRunner.java:623)
	at org.testng.SuiteRunner.runTest(SuiteRunner.java:359)
	at org.testng.SuiteRunner.runSequentially(SuiteRunner.java:354)
	at org.testng.SuiteRunner.privateRun(SuiteRunner.java:312)
	at org.testng.SuiteRunner.run(SuiteRunner.java:261)
	at org.testng.SuiteRunnerWorker.runSuite(SuiteRunnerWorker.java:52)
	at org.testng.SuiteRunnerWorker.run(SuiteRunnerWorker.java:86)
	at org.testng.TestNG.runSuitesSequentially(TestNG.java:1185)
	at org.testng.TestNG.runSuitesLocally(TestNG.java:1110)
	at org.testng.TestNG.run(TestNG.java:1018)
	at org.testng.remote.RemoteTestNG.run(RemoteTestNG.java:112)
	at org.testng.remote.RemoteTestNG.initAndRun(RemoteTestNG.java:205)
	at org.testng.remote.RemoteTestNG.main(RemoteTestNG.java:176)
]]>
            </full-stacktrace>
          </exception> <!-- java.lang.AssertionError -->
          <reporter-output>
          </reporter-output>
        </test-method> <!-- loginTest -->
      </class> <!-- com.cmcc.inter.test.HttpTest -->
    </test> <!-- Default test -->
  </suite> <!-- Default suite -->
</testng-results>
